[1.077s] Invoking command in '/home/konsti/ros2_ws/src/mmi_ros2_packages/MY_PACKAGE': DEBUGINFOD_URLS=https://debuginfod.ubuntu.com PYTHONPATH=/home/konsti/ros2_ws/build/MY_PACKAGE/prefix_override:/usr/lib/python3/dist-packages/colcon_core/task/python/colcon_distutils_commands:/home/konsti/ros2_ws/install/lib/python3.12/site-packages:${PYTHONPATH} /usr/bin/python3 -W ignore:setup.py install is deprecated -W ignore:easy_install command is deprecated setup.py egg_info --egg-base ../../../build/MY_PACKAGE build --build-base /home/konsti/ros2_ws/build/MY_PACKAGE/build install --record /home/konsti/ros2_ws/build/MY_PACKAGE/install.log --single-version-externally-managed install_data
[1.438s] running egg_info
[1.465s] writing ../../../build/MY_PACKAGE/MY_PACKAGE.egg-info/PKG-INFO
[1.466s] writing dependency_links to ../../../build/MY_PACKAGE/MY_PACKAGE.egg-info/dependency_links.txt
[1.466s] writing entry points to ../../../build/MY_PACKAGE/MY_PACKAGE.egg-info/entry_points.txt
[1.466s] writing requirements to ../../../build/MY_PACKAGE/MY_PACKAGE.egg-info/requires.txt
[1.466s] writing top-level names to ../../../build/MY_PACKAGE/MY_PACKAGE.egg-info/top_level.txt
[1.526s] reading manifest file '../../../build/MY_PACKAGE/MY_PACKAGE.egg-info/SOURCES.txt'
[1.527s] writing manifest file '../../../build/MY_PACKAGE/MY_PACKAGE.egg-info/SOURCES.txt'
[1.527s] running build
[1.528s] running build_py
[1.528s] copying MY_PACKAGE/my_publisher.py -> /home/konsti/ros2_ws/build/MY_PACKAGE/build/lib/MY_PACKAGE
[1.528s] copying MY_PACKAGE/my_subscriber.py -> /home/konsti/ros2_ws/build/MY_PACKAGE/build/lib/MY_PACKAGE
[1.529s] running install
[1.536s] running install_lib
[1.564s] copying /home/konsti/ros2_ws/build/MY_PACKAGE/build/lib/MY_PACKAGE/my_publisher.py -> /home/konsti/ros2_ws/install/lib/python3.12/site-packages/MY_PACKAGE
[1.564s] copying /home/konsti/ros2_ws/build/MY_PACKAGE/build/lib/MY_PACKAGE/my_subscriber.py -> /home/konsti/ros2_ws/install/lib/python3.12/site-packages/MY_PACKAGE
[1.565s] byte-compiling /home/konsti/ros2_ws/install/lib/python3.12/site-packages/MY_PACKAGE/my_publisher.py to my_publisher.cpython-312.pyc
[1.566s] byte-compiling /home/konsti/ros2_ws/install/lib/python3.12/site-packages/MY_PACKAGE/my_subscriber.py to my_subscriber.cpython-312.pyc
[1.566s] running install_data
[1.566s] running install_egg_info
[1.596s] removing '/home/konsti/ros2_ws/install/lib/python3.12/site-packages/MY_PACKAGE-0.0.0-py3.12.egg-info' (and everything under it)
[1.596s] Copying ../../../build/MY_PACKAGE/MY_PACKAGE.egg-info to /home/konsti/ros2_ws/install/lib/python3.12/site-packages/MY_PACKAGE-0.0.0-py3.12.egg-info
[1.597s] running install_scripts
[1.778s] Installing listener script to /home/konsti/ros2_ws/install/lib/MY_PACKAGE
[1.779s] Installing talker script to /home/konsti/ros2_ws/install/lib/MY_PACKAGE
[1.779s] writing list of installed files to '/home/konsti/ros2_ws/build/MY_PACKAGE/install.log'
[1.823s] Invoked command in '/home/konsti/ros2_ws/src/mmi_ros2_packages/MY_PACKAGE' returned '0': DEBUGINFOD_URLS=https://debuginfod.ubuntu.com PYTHONPATH=/home/konsti/ros2_ws/build/MY_PACKAGE/prefix_override:/usr/lib/python3/dist-packages/colcon_core/task/python/colcon_distutils_commands:/home/konsti/ros2_ws/install/lib/python3.12/site-packages:${PYTHONPATH} /usr/bin/python3 -W ignore:setup.py install is deprecated -W ignore:easy_install command is deprecated setup.py egg_info --egg-base ../../../build/MY_PACKAGE build --build-base /home/konsti/ros2_ws/build/MY_PACKAGE/build install --record /home/konsti/ros2_ws/build/MY_PACKAGE/install.log --single-version-externally-managed install_data
