running egg_info
creating ../../../build/MY_PACKAGE/MY_PACKAGE.egg-info
writing ../../../build/MY_PACKAGE/MY_PACKAGE.egg-info/PKG-INFO
writing dependency_links to ../../../build/MY_PACKAGE/MY_PACKAGE.egg-info/dependency_links.txt
writing requirements to ../../../build/MY_PACKAGE/MY_PACKAGE.egg-info/requires.txt
writing top-level names to ../../../build/MY_PACKAGE/MY_PACKAGE.egg-info/top_level.txt
writing manifest file '../../../build/MY_PACKAGE/MY_PACKAGE.egg-info/SOURCES.txt'
reading manifest file '../../../build/MY_PACKAGE/MY_PACKAGE.egg-info/SOURCES.txt'
writing manifest file '../../../build/MY_PACKAGE/MY_PACKAGE.egg-info/SOURCES.txt'
running build
running build_py
creating /home/konsti/ros2_ws/build/MY_PACKAGE/build
creating /home/konsti/ros2_ws/build/MY_PACKAGE/build/lib
creating /home/konsti/ros2_ws/build/MY_PACKAGE/build/lib/MY_PACKAGE
copying MY_PACKAGE/__init__.py -> /home/konsti/ros2_ws/build/MY_PACKAGE/build/lib/MY_PACKAGE
running install
running install_lib
creating /home/konsti/ros2_ws/install/lib/python3.12/site-packages/MY_PACKAGE
copying /home/konsti/ros2_ws/build/MY_PACKAGE/build/lib/MY_PACKAGE/__init__.py -> /home/konsti/ros2_ws/install/lib/python3.12/site-packages/MY_PACKAGE
byte-compiling /home/konsti/ros2_ws/install/lib/python3.12/site-packages/MY_PACKAGE/__init__.py to __init__.cpython-312.pyc
running install_data
creating /home/konsti/ros2_ws/install/share/ament_index
creating /home/konsti/ros2_ws/install/share/ament_index/resource_index
creating /home/konsti/ros2_ws/install/share/ament_index/resource_index/packages
copying resource/MY_PACKAGE -> /home/konsti/ros2_ws/install/share/ament_index/resource_index/packages
copying package.xml -> /home/konsti/ros2_ws/install/share/MY_PACKAGE
running install_egg_info
Copying ../../../build/MY_PACKAGE/MY_PACKAGE.egg-info to /home/konsti/ros2_ws/install/lib/python3.12/site-packages/MY_PACKAGE-0.0.0-py3.12.egg-info
running install_scripts
writing list of installed files to '/home/konsti/ros2_ws/build/MY_PACKAGE/install.log'
