[1.132s] Invoking command in '/home/konsti/ros2_ws/src/mmi_ros2_packages/MY_PACKAGE': DEBUGINFOD_URLS=https://debuginfod.ubuntu.com PYTHONPATH=/home/konsti/ros2_ws/build/MY_PACKAGE/prefix_override:/usr/lib/python3/dist-packages/colcon_core/task/python/colcon_distutils_commands:/home/konsti/ros2_ws/install/lib/python3.12/site-packages:${PYTHONPATH} /usr/bin/python3 -W ignore:setup.py install is deprecated -W ignore:easy_install command is deprecated setup.py egg_info --egg-base ../../../build/MY_PACKAGE build --build-base /home/konsti/ros2_ws/build/MY_PACKAGE/build install --record /home/konsti/ros2_ws/build/MY_PACKAGE/install.log --single-version-externally-managed install_data
[1.509s] running egg_info
[1.538s] writing ../../../build/MY_PACKAGE/MY_PACKAGE.egg-info/PKG-INFO
[1.538s] writing dependency_links to ../../../build/MY_PACKAGE/MY_PACKAGE.egg-info/dependency_links.txt
[1.539s] writing entry points to ../../../build/MY_PACKAGE/MY_PACKAGE.egg-info/entry_points.txt
[1.539s] writing requirements to ../../../build/MY_PACKAGE/MY_PACKAGE.egg-info/requires.txt
[1.539s] writing top-level names to ../../../build/MY_PACKAGE/MY_PACKAGE.egg-info/top_level.txt
[1.597s] reading manifest file '../../../build/MY_PACKAGE/MY_PACKAGE.egg-info/SOURCES.txt'
[1.598s] writing manifest file '../../../build/MY_PACKAGE/MY_PACKAGE.egg-info/SOURCES.txt'
[1.599s] running build
[1.599s] running build_py
[1.599s] copying MY_PACKAGE/image_processor_v2.py -> /home/konsti/ros2_ws/build/MY_PACKAGE/build/lib/MY_PACKAGE
[1.600s] running install
[1.610s] running install_lib
[1.640s] copying /home/konsti/ros2_ws/build/MY_PACKAGE/build/lib/MY_PACKAGE/image_processor_v2.py -> /home/konsti/ros2_ws/install/lib/python3.12/site-packages/MY_PACKAGE
[1.641s] byte-compiling /home/konsti/ros2_ws/install/lib/python3.12/site-packages/MY_PACKAGE/image_processor_v2.py to image_processor_v2.cpython-312.pyc
[1.643s] running install_data
[1.643s] running install_egg_info
[1.675s] removing '/home/konsti/ros2_ws/install/lib/python3.12/site-packages/MY_PACKAGE-0.0.0-py3.12.egg-info' (and everything under it)
[1.675s] Copying ../../../build/MY_PACKAGE/MY_PACKAGE.egg-info to /home/konsti/ros2_ws/install/lib/python3.12/site-packages/MY_PACKAGE-0.0.0-py3.12.egg-info
[1.677s] running install_scripts
[1.865s] Installing cam_reader script to /home/konsti/ros2_ws/install/lib/MY_PACKAGE
[1.865s] Installing image_processor script to /home/konsti/ros2_ws/install/lib/MY_PACKAGE
[1.866s] Installing image_processor_v2 script to /home/konsti/ros2_ws/install/lib/MY_PACKAGE
[1.866s] Installing microcontroller_communicator script to /home/konsti/ros2_ws/install/lib/MY_PACKAGE
[1.866s] Installing publisher script to /home/konsti/ros2_ws/install/lib/MY_PACKAGE
[1.866s] Installing subscriber script to /home/konsti/ros2_ws/install/lib/MY_PACKAGE
[1.867s] writing list of installed files to '/home/konsti/ros2_ws/build/MY_PACKAGE/install.log'
[1.910s] Invoked command in '/home/konsti/ros2_ws/src/mmi_ros2_packages/MY_PACKAGE' returned '0': DEBUGINFOD_URLS=https://debuginfod.ubuntu.com PYTHONPATH=/home/konsti/ros2_ws/build/MY_PACKAGE/prefix_override:/usr/lib/python3/dist-packages/colcon_core/task/python/colcon_distutils_commands:/home/konsti/ros2_ws/install/lib/python3.12/site-packages:${PYTHONPATH} /usr/bin/python3 -W ignore:setup.py install is deprecated -W ignore:easy_install command is deprecated setup.py egg_info --egg-base ../../../build/MY_PACKAGE build --build-base /home/konsti/ros2_ws/build/MY_PACKAGE/build install --record /home/konsti/ros2_ws/build/MY_PACKAGE/install.log --single-version-externally-managed install_data
