[0.136s] DEBUG:colcon:Command line arguments: ['/usr/bin/colcon', 'build', '--merge-install']
[0.136s] DEBUG:colcon:Parsed command line arguments: Namespace(log_base=None, log_level=None, verb_name='build', build_base='build', install_base='install', merge_install=True, symlink_install=False, test_result_base=None, continue_on_error=False, executor='parallel', parallel_workers=4, event_handlers=None, ignore_user_meta=False, metas=['./colcon.meta'], base_paths=['.'], packages_ignore=None, packages_ignore_regex=None, paths=None, packages_up_to=None, packages_up_to_regex=None, packages_above=None, packages_above_and_dependencies=None, packages_above_depth=None, packages_select_by_dep=None, packages_skip_by_dep=None, packages_skip_up_to=None, packages_select_build_failed=False, packages_skip_build_finished=False, packages_select_test_failures=False, packages_skip_test_passed=False, packages_select=None, packages_skip=None, packages_select_regex=None, packages_skip_regex=None, packages_start=None, packages_end=None, allow_overriding=[], cmake_args=None, cmake_target=None, cmake_target_skip_unavailable=False, cmake_clean_cache=False, cmake_clean_first=False, cmake_force_configure=False, ament_cmake_args=None, catkin_cmake_args=None, catkin_skip_building_tests=False, mixin_files=None, mixin=None, verb_parser=<colcon_mixin.mixin.mixin_argument.MixinArgumentDecorator object at 0x7c9fa5c40920>, verb_extension=<colcon_core.verb.build.BuildVerb object at 0x7c9fa5dccbc0>, main=<bound method BuildVerb.main of <colcon_core.verb.build.BuildVerb object at 0x7c9fa5dccbc0>>, mixin_verb=('build',))
[0.183s] Level 1:colcon.colcon_core.package_discovery:discover_packages(colcon_meta) check parameters
[0.183s] Level 1:colcon.colcon_core.package_discovery:discover_packages(recursive) check parameters
[0.183s] Level 1:colcon.colcon_core.package_discovery:discover_packages(ignore) check parameters
[0.183s] Level 1:colcon.colcon_core.package_discovery:discover_packages(path) check parameters
[0.183s] Level 1:colcon.colcon_core.package_discovery:discover_packages(colcon_meta) discover
[0.184s] Level 1:colcon.colcon_core.package_discovery:discover_packages(recursive) discover
[0.184s] INFO:colcon.colcon_core.package_discovery:Crawling recursively for packages in '/home/konsti/ros2_ws'
[0.184s] Level 1:colcon.colcon_core.package_identification:_identify(.) by extensions ['ignore', 'ignore_ament_install']
[0.184s] Level 1:colcon.colcon_core.package_identification:_identify(.) by extension 'ignore'
[0.184s] Level 1:colcon.colcon_core.package_identification:_identify(.) by extension 'ignore_ament_install'
[0.184s] Level 1:colcon.colcon_core.package_identification:_identify(.) by extensions ['colcon_pkg']
[0.184s] Level 1:colcon.colcon_core.package_identification:_identify(.) by extension 'colcon_pkg'
[0.184s] Level 1:colcon.colcon_core.package_identification:_identify(.) by extensions ['colcon_meta']
[0.184s] Level 1:colcon.colcon_core.package_identification:_identify(.) by extension 'colcon_meta'
[0.184s] Level 1:colcon.colcon_core.package_identification:_identify(.) by extensions ['ros']
[0.184s] Level 1:colcon.colcon_core.package_identification:_identify(.) by extension 'ros'
[0.215s] Level 1:colcon.colcon_core.package_identification:_identify(.) by extensions ['cmake', 'python']
[0.215s] Level 1:colcon.colcon_core.package_identification:_identify(.) by extension 'cmake'
[0.215s] Level 1:colcon.colcon_core.package_identification:_identify(.) by extension 'python'
[0.215s] Level 1:colcon.colcon_core.package_identification:_identify(.) by extensions ['python_setup_py']
[0.216s] Level 1:colcon.colcon_core.package_identification:_identify(.) by extension 'python_setup_py'
[0.216s] Level 1:colcon.colcon_core.package_identification:_identify(build) by extensions ['ignore', 'ignore_ament_install']
[0.216s] Level 1:colcon.colcon_core.package_identification:_identify(build) by extension 'ignore'
[0.216s] Level 1:colcon.colcon_core.package_identification:_identify(build) ignored
[0.216s] Level 1:colcon.colcon_core.package_identification:_identify(install) by extensions ['ignore', 'ignore_ament_install']
[0.216s] Level 1:colcon.colcon_core.package_identification:_identify(install) by extension 'ignore'
[0.216s] Level 1:colcon.colcon_core.package_identification:_identify(install) ignored
[0.216s] Level 1:colcon.colcon_core.package_identification:_identify(log) by extensions ['ignore', 'ignore_ament_install']
[0.216s] Level 1:colcon.colcon_core.package_identification:_identify(log) by extension 'ignore'
[0.216s] Level 1:colcon.colcon_core.package_identification:_identify(log) ignored
[0.217s] Level 1:colcon.colcon_core.package_identification:_identify(src) by extensions ['ignore', 'ignore_ament_install']
[0.217s] Level 1:colcon.colcon_core.package_identification:_identify(src) by extension 'ignore'
[0.217s] Level 1:colcon.colcon_core.package_identification:_identify(src) by extension 'ignore_ament_install'
[0.217s] Level 1:colcon.colcon_core.package_identification:_identify(src) by extensions ['colcon_pkg']
[0.217s] Level 1:colcon.colcon_core.package_identification:_identify(src) by extension 'colcon_pkg'
[0.217s] Level 1:colcon.colcon_core.package_identification:_identify(src) by extensions ['colcon_meta']
[0.217s] Level 1:colcon.colcon_core.package_identification:_identify(src) by extension 'colcon_meta'
[0.217s] Level 1:colcon.colcon_core.package_identification:_identify(src) by extensions ['ros']
[0.217s] Level 1:colcon.colcon_core.package_identification:_identify(src) by extension 'ros'
[0.217s] Level 1:colcon.colcon_core.package_identification:_identify(src) by extensions ['cmake', 'python']
[0.217s] Level 1:colcon.colcon_core.package_identification:_identify(src) by extension 'cmake'
[0.217s] Level 1:colcon.colcon_core.package_identification:_identify(src) by extension 'python'
[0.217s] Level 1:colcon.colcon_core.package_identification:_identify(src) by extensions ['python_setup_py']
[0.217s] Level 1:colcon.colcon_core.package_identification:_identify(src) by extension 'python_setup_py'
[0.217s] Level 1:colcon.colcon_core.package_identification:_identify(src/mmi_ros2_packages) by extensions ['ignore', 'ignore_ament_install']
[0.217s] Level 1:colcon.colcon_core.package_identification:_identify(src/mmi_ros2_packages) by extension 'ignore'
[0.218s] Level 1:colcon.colcon_core.package_identification:_identify(src/mmi_ros2_packages) by extension 'ignore_ament_install'
[0.218s] Level 1:colcon.colcon_core.package_identification:_identify(src/mmi_ros2_packages) by extensions ['colcon_pkg']
[0.218s] Level 1:colcon.colcon_core.package_identification:_identify(src/mmi_ros2_packages) by extension 'colcon_pkg'
[0.218s] Level 1:colcon.colcon_core.package_identification:_identify(src/mmi_ros2_packages) by extensions ['colcon_meta']
[0.218s] Level 1:colcon.colcon_core.package_identification:_identify(src/mmi_ros2_packages) by extension 'colcon_meta'
[0.218s] Level 1:colcon.colcon_core.package_identification:_identify(src/mmi_ros2_packages) by extensions ['ros']
[0.218s] Level 1:colcon.colcon_core.package_identification:_identify(src/mmi_ros2_packages) by extension 'ros'
[0.218s] Level 1:colcon.colcon_core.package_identification:_identify(src/mmi_ros2_packages) by extensions ['cmake', 'python']
[0.218s] Level 1:colcon.colcon_core.package_identification:_identify(src/mmi_ros2_packages) by extension 'cmake'
[0.218s] Level 1:colcon.colcon_core.package_identification:_identify(src/mmi_ros2_packages) by extension 'python'
[0.218s] Level 1:colcon.colcon_core.package_identification:_identify(src/mmi_ros2_packages) by extensions ['python_setup_py']
[0.218s] Level 1:colcon.colcon_core.package_identification:_identify(src/mmi_ros2_packages) by extension 'python_setup_py'
[0.218s] Level 1:colcon.colcon_core.package_identification:_identify(src/mmi_ros2_packages/MY_PACKAGE) by extensions ['ignore', 'ignore_ament_install']
[0.218s] Level 1:colcon.colcon_core.package_identification:_identify(src/mmi_ros2_packages/MY_PACKAGE) by extension 'ignore'
[0.218s] Level 1:colcon.colcon_core.package_identification:_identify(src/mmi_ros2_packages/MY_PACKAGE) by extension 'ignore_ament_install'
[0.218s] Level 1:colcon.colcon_core.package_identification:_identify(src/mmi_ros2_packages/MY_PACKAGE) by extensions ['colcon_pkg']
[0.218s] Level 1:colcon.colcon_core.package_identification:_identify(src/mmi_ros2_packages/MY_PACKAGE) by extension 'colcon_pkg'
[0.218s] Level 1:colcon.colcon_core.package_identification:_identify(src/mmi_ros2_packages/MY_PACKAGE) by extensions ['colcon_meta']
[0.219s] Level 1:colcon.colcon_core.package_identification:_identify(src/mmi_ros2_packages/MY_PACKAGE) by extension 'colcon_meta'
[0.219s] Level 1:colcon.colcon_core.package_identification:_identify(src/mmi_ros2_packages/MY_PACKAGE) by extensions ['ros']
[0.219s] Level 1:colcon.colcon_core.package_identification:_identify(src/mmi_ros2_packages/MY_PACKAGE) by extension 'ros'
[0.222s] DEBUG:colcon.colcon_core.package_identification:Package 'src/mmi_ros2_packages/MY_PACKAGE' with type 'ros.ament_python' and name 'MY_PACKAGE'
[0.222s] Level 1:colcon.colcon_core.package_discovery:discover_packages(recursive) using defaults
[0.222s] Level 1:colcon.colcon_core.package_discovery:discover_packages(ignore) discover
[0.222s] Level 1:colcon.colcon_core.package_discovery:discover_packages(ignore) using defaults
[0.222s] Level 1:colcon.colcon_core.package_discovery:discover_packages(path) discover
[0.222s] Level 1:colcon.colcon_core.package_discovery:discover_packages(path) using defaults
[0.247s] Level 1:colcon.colcon_core.package_discovery:discover_packages(prefix_path) check parameters
[0.247s] Level 1:colcon.colcon_core.package_discovery:discover_packages(prefix_path) discover
[0.249s] DEBUG:colcon.colcon_installed_package_information.package_discovery:Found 1 installed packages in /home/konsti/ros2_ws/install
[0.251s] DEBUG:colcon.colcon_installed_package_information.package_discovery:Found 285 installed packages in /opt/ros/jazzy
[0.252s] Level 1:colcon.colcon_core.package_discovery:discover_packages(prefix_path) using defaults
[0.307s] Level 5:colcon.colcon_core.verb:set package 'MY_PACKAGE' build argument 'cmake_args' from command line to 'None'
[0.307s] Level 5:colcon.colcon_core.verb:set package 'MY_PACKAGE' build argument 'cmake_target' from command line to 'None'
[0.307s] Level 5:colcon.colcon_core.verb:set package 'MY_PACKAGE' build argument 'cmake_target_skip_unavailable' from command line to 'False'
[0.308s] Level 5:colcon.colcon_core.verb:set package 'MY_PACKAGE' build argument 'cmake_clean_cache' from command line to 'False'
[0.308s] Level 5:colcon.colcon_core.verb:set package 'MY_PACKAGE' build argument 'cmake_clean_first' from command line to 'False'
[0.308s] Level 5:colcon.colcon_core.verb:set package 'MY_PACKAGE' build argument 'cmake_force_configure' from command line to 'False'
[0.308s] Level 5:colcon.colcon_core.verb:set package 'MY_PACKAGE' build argument 'ament_cmake_args' from command line to 'None'
[0.308s] Level 5:colcon.colcon_core.verb:set package 'MY_PACKAGE' build argument 'catkin_cmake_args' from command line to 'None'
[0.308s] Level 5:colcon.colcon_core.verb:set package 'MY_PACKAGE' build argument 'catkin_skip_building_tests' from command line to 'False'
[0.308s] DEBUG:colcon.colcon_core.verb:Building package 'MY_PACKAGE' with the following arguments: {'ament_cmake_args': None, 'build_base': '/home/konsti/ros2_ws/build/MY_PACKAGE', 'catkin_cmake_args': None, 'catkin_skip_building_tests': False, 'cmake_args': None, 'cmake_clean_cache': False, 'cmake_clean_first': False, 'cmake_force_configure': False, 'cmake_target': None, 'cmake_target_skip_unavailable': False, 'install_base': '/home/konsti/ros2_ws/install', 'merge_install': True, 'path': '/home/konsti/ros2_ws/src/mmi_ros2_packages/MY_PACKAGE', 'symlink_install': False, 'test_result_base': None}
[0.308s] INFO:colcon.colcon_core.executor:Executing jobs using 'parallel' executor
[0.309s] DEBUG:colcon.colcon_parallel_executor.executor.parallel:run_until_complete
[0.309s] INFO:colcon.colcon_ros.task.ament_python.build:Building ROS package in '/home/konsti/ros2_ws/src/mmi_ros2_packages/MY_PACKAGE' with build type 'ament_python'
[0.309s] Level 1:colcon.colcon_core.shell:create_environment_hook('MY_PACKAGE', 'ament_prefix_path')
[0.312s] INFO:colcon.colcon_core.plugin_system:Skipping extension 'colcon_core.shell.bat': Not used on non-Windows systems
[0.313s] INFO:colcon.colcon_core.shell:Creating environment hook '/home/konsti/ros2_ws/install/share/MY_PACKAGE/hook/ament_prefix_path.ps1'
[0.315s] INFO:colcon.colcon_core.shell:Creating environment descriptor '/home/konsti/ros2_ws/install/share/MY_PACKAGE/hook/ament_prefix_path.dsv'
[0.316s] INFO:colcon.colcon_core.shell:Creating environment hook '/home/konsti/ros2_ws/install/share/MY_PACKAGE/hook/ament_prefix_path.sh'
[0.317s] INFO:colcon.colcon_core.shell:Skip shell extension 'powershell' for command environment: Not usable outside of PowerShell
[0.317s] DEBUG:colcon.colcon_core.shell:Skip shell extension 'dsv' for command environment
[0.619s] INFO:colcon.colcon_core.task.python.build:Building Python package in '/home/konsti/ros2_ws/src/mmi_ros2_packages/MY_PACKAGE'
[0.619s] INFO:colcon.colcon_core.shell:Skip shell extension 'powershell' for command environment: Not usable outside of PowerShell
[0.619s] DEBUG:colcon.colcon_core.shell:Skip shell extension 'dsv' for command environment
[1.442s] DEBUG:colcon.colcon_core.event_handler.log_command:Invoking command in '/home/konsti/ros2_ws/src/mmi_ros2_packages/MY_PACKAGE': DEBUGINFOD_URLS=https://debuginfod.ubuntu.com PYTHONPATH=/home/konsti/ros2_ws/build/MY_PACKAGE/prefix_override:/usr/lib/python3/dist-packages/colcon_core/task/python/colcon_distutils_commands:/home/konsti/ros2_ws/install/lib/python3.12/site-packages:${PYTHONPATH} /usr/bin/python3 -W ignore:setup.py install is deprecated -W ignore:easy_install command is deprecated setup.py egg_info --egg-base ../../../build/MY_PACKAGE build --build-base /home/konsti/ros2_ws/build/MY_PACKAGE/build install --record /home/konsti/ros2_ws/build/MY_PACKAGE/install.log --single-version-externally-managed install_data
[2.220s] DEBUG:colcon.colcon_core.event_handler.log_command:Invoked command in '/home/konsti/ros2_ws/src/mmi_ros2_packages/MY_PACKAGE' returned '0': DEBUGINFOD_URLS=https://debuginfod.ubuntu.com PYTHONPATH=/home/konsti/ros2_ws/build/MY_PACKAGE/prefix_override:/usr/lib/python3/dist-packages/colcon_core/task/python/colcon_distutils_commands:/home/konsti/ros2_ws/install/lib/python3.12/site-packages:${PYTHONPATH} /usr/bin/python3 -W ignore:setup.py install is deprecated -W ignore:easy_install command is deprecated setup.py egg_info --egg-base ../../../build/MY_PACKAGE build --build-base /home/konsti/ros2_ws/build/MY_PACKAGE/build install --record /home/konsti/ros2_ws/build/MY_PACKAGE/install.log --single-version-externally-managed install_data
[2.223s] Level 1:colcon.colcon_core.environment:checking '/home/konsti/ros2_ws/install' for CMake module files
[2.223s] Level 1:colcon.colcon_core.environment:checking '/home/konsti/ros2_ws/install' for CMake config files
[2.224s] Level 1:colcon.colcon_core.environment:checking '/home/konsti/ros2_ws/install/lib'
[2.224s] Level 1:colcon.colcon_core.environment:checking '/home/konsti/ros2_ws/install/bin'
[2.224s] Level 1:colcon.colcon_core.environment:checking '/home/konsti/ros2_ws/install/lib/pkgconfig/MY_PACKAGE.pc'
[2.225s] Level 1:colcon.colcon_core.environment:checking '/home/konsti/ros2_ws/install/lib/python3.12/site-packages'
[2.225s] Level 1:colcon.colcon_core.shell:create_environment_hook('MY_PACKAGE', 'pythonpath')
[2.225s] INFO:colcon.colcon_core.shell:Creating environment hook '/home/konsti/ros2_ws/install/share/MY_PACKAGE/hook/pythonpath.ps1'
[2.226s] INFO:colcon.colcon_core.shell:Creating environment descriptor '/home/konsti/ros2_ws/install/share/MY_PACKAGE/hook/pythonpath.dsv'
[2.226s] INFO:colcon.colcon_core.shell:Creating environment hook '/home/konsti/ros2_ws/install/share/MY_PACKAGE/hook/pythonpath.sh'
[2.227s] Level 1:colcon.colcon_core.environment:checking '/home/konsti/ros2_ws/install/bin'
[2.227s] Level 1:colcon.colcon_core.environment:create_environment_scripts_only(MY_PACKAGE)
[2.227s] INFO:colcon.colcon_core.shell:Creating package script '/home/konsti/ros2_ws/install/share/MY_PACKAGE/package.ps1'
[2.228s] INFO:colcon.colcon_core.shell:Creating package descriptor '/home/konsti/ros2_ws/install/share/MY_PACKAGE/package.dsv'
[2.229s] INFO:colcon.colcon_core.shell:Creating package script '/home/konsti/ros2_ws/install/share/MY_PACKAGE/package.sh'
[2.229s] INFO:colcon.colcon_core.shell:Creating package script '/home/konsti/ros2_ws/install/share/MY_PACKAGE/package.bash'
[2.231s] INFO:colcon.colcon_core.shell:Creating package script '/home/konsti/ros2_ws/install/share/MY_PACKAGE/package.zsh'
[2.231s] Level 1:colcon.colcon_core.environment:create_file_with_runtime_dependencies(/home/konsti/ros2_ws/install/share/colcon-core/packages/MY_PACKAGE)
[2.232s] DEBUG:colcon.colcon_parallel_executor.executor.parallel:closing loop
[2.232s] DEBUG:colcon.colcon_parallel_executor.executor.parallel:loop closed
[2.232s] DEBUG:colcon.colcon_parallel_executor.executor.parallel:run_until_complete finished with '0'
[2.232s] DEBUG:colcon.colcon_core.event_reactor:joining thread
[2.240s] INFO:colcon.colcon_core.plugin_system:Skipping extension 'colcon_notification.desktop_notification.terminal_notifier': Not used on non-Darwin systems
[2.241s] INFO:colcon.colcon_core.plugin_system:Skipping extension 'colcon_notification.desktop_notification.win32': Not used on non-Windows systems
[2.241s] INFO:colcon.colcon_notification.desktop_notification:Sending desktop notification using 'notify2'
[2.258s] DEBUG:colcon.colcon_core.event_reactor:joined thread
[2.259s] INFO:colcon.colcon_core.shell:Creating prefix script '/home/konsti/ros2_ws/install/local_setup.ps1'
[2.261s] INFO:colcon.colcon_core.shell:Creating prefix util module '/home/konsti/ros2_ws/install/_local_setup_util_ps1.py'
[2.263s] INFO:colcon.colcon_core.shell:Creating prefix chain script '/home/konsti/ros2_ws/install/setup.ps1'
[2.265s] INFO:colcon.colcon_core.shell:Creating prefix script '/home/konsti/ros2_ws/install/local_setup.sh'
[2.267s] INFO:colcon.colcon_core.shell:Creating prefix util module '/home/konsti/ros2_ws/install/_local_setup_util_sh.py'
[2.268s] INFO:colcon.colcon_core.shell:Creating prefix chain script '/home/konsti/ros2_ws/install/setup.sh'
[2.269s] INFO:colcon.colcon_core.shell:Creating prefix script '/home/konsti/ros2_ws/install/local_setup.bash'
[2.269s] INFO:colcon.colcon_core.shell:Creating prefix chain script '/home/konsti/ros2_ws/install/setup.bash'
[2.271s] INFO:colcon.colcon_core.shell:Creating prefix script '/home/konsti/ros2_ws/install/local_setup.zsh'
[2.272s] INFO:colcon.colcon_core.shell:Creating prefix chain script '/home/konsti/ros2_ws/install/setup.zsh'
