/home/konsti/ros2_ws/install/lib/python3.12/site-packages/MY_PACKAGE/image_processor_v2.py
/home/konsti/ros2_ws/install/lib/python3.12/site-packages/MY_PACKAGE/cam_reader.py
/home/konsti/ros2_ws/install/lib/python3.12/site-packages/MY_PACKAGE/image_processor.py
/home/konsti/ros2_ws/install/lib/python3.12/site-packages/MY_PACKAGE/my_publisher.py
/home/konsti/ros2_ws/install/lib/python3.12/site-packages/MY_PACKAGE/my_subscriber.py
/home/konsti/ros2_ws/install/lib/python3.12/site-packages/MY_PACKAGE/microcontroller_communicator.py
/home/konsti/ros2_ws/install/lib/python3.12/site-packages/MY_PACKAGE/__init__.py
/home/konsti/ros2_ws/install/lib/python3.12/site-packages/MY_PACKAGE/__pycache__/image_processor_v2.cpython-312.pyc
/home/konsti/ros2_ws/install/lib/python3.12/site-packages/MY_PACKAGE/__pycache__/cam_reader.cpython-312.pyc
/home/konsti/ros2_ws/install/lib/python3.12/site-packages/MY_PACKAGE/__pycache__/image_processor.cpython-312.pyc
/home/konsti/ros2_ws/install/lib/python3.12/site-packages/MY_PACKAGE/__pycache__/my_publisher.cpython-312.pyc
/home/konsti/ros2_ws/install/lib/python3.12/site-packages/MY_PACKAGE/__pycache__/my_subscriber.cpython-312.pyc
/home/konsti/ros2_ws/install/lib/python3.12/site-packages/MY_PACKAGE/__pycache__/microcontroller_communicator.cpython-312.pyc
/home/konsti/ros2_ws/install/lib/python3.12/site-packages/MY_PACKAGE/__pycache__/__init__.cpython-312.pyc
/home/konsti/ros2_ws/install/share/ament_index/resource_index/packages/MY_PACKAGE
/home/konsti/ros2_ws/install/share/MY_PACKAGE/package.xml
/home/konsti/ros2_ws/install/lib/python3.12/site-packages/MY_PACKAGE-0.0.0-py3.12.egg-info/entry_points.txt
/home/konsti/ros2_ws/install/lib/python3.12/site-packages/MY_PACKAGE-0.0.0-py3.12.egg-info/top_level.txt
/home/konsti/ros2_ws/install/lib/python3.12/site-packages/MY_PACKAGE-0.0.0-py3.12.egg-info/dependency_links.txt
/home/konsti/ros2_ws/install/lib/python3.12/site-packages/MY_PACKAGE-0.0.0-py3.12.egg-info/requires.txt
/home/konsti/ros2_ws/install/lib/python3.12/site-packages/MY_PACKAGE-0.0.0-py3.12.egg-info/zip-safe
/home/konsti/ros2_ws/install/lib/python3.12/site-packages/MY_PACKAGE-0.0.0-py3.12.egg-info/PKG-INFO
/home/konsti/ros2_ws/install/lib/python3.12/site-packages/MY_PACKAGE-0.0.0-py3.12.egg-info/SOURCES.txt
/home/konsti/ros2_ws/install/lib/MY_PACKAGE/cam_reader
/home/konsti/ros2_ws/install/lib/MY_PACKAGE/image_processor
/home/konsti/ros2_ws/install/lib/MY_PACKAGE/image_processor_v2
/home/konsti/ros2_ws/install/lib/MY_PACKAGE/microcontroller_communicator
/home/konsti/ros2_ws/install/lib/MY_PACKAGE/publisher
/home/konsti/ros2_ws/install/lib/MY_PACKAGE/subscriber
